<?xml version="1.0" encoding="UTF-8"?>
<testsuite xmlns:xsi="http://www.w3.org/2001/XMLSchema-instance" xsi:noNamespaceSchemaLocation="https://maven.apache.org/surefire/maven-surefire-plugin/xsd/surefire-test-report-3.0.xsd" version="3.0" name="com.iut.banque.test.facade.TestsBanqueManager" time="0.14" tests="11" errors="0" skipped="0" failures="0">
  <properties>
[...]
</properties>
  <testcase name="TestSuppressionDunClientAvecUnCompteDeSoldePositif" classname="com.iut.banque.test.facade.TestsBanqueManager" time="0.005">
    <system-out><![CDATA[==================
Création de la Dao
]]></system-out>
    <system-err><![CDATA[oct. 21, 2023 9:46:20 AM org.springframework.test.context.support.DefaultTestContextBootstrapper getDefaultTestExecutionListenerClassNames
INFOS: Loaded default TestExecutionListener class names from location [META-INF/spring.factories]: [org.springframework.test.context.web.ServletTestExecutionListener, org.springframework.test.context.support.DirtiesContextBeforeModesTestExecutionListener, org.springframework.test.context.support.DependencyInjectionTestExecutionListener, org.springframework.test.context.support.DirtiesContextTestExecutionListener, org.springframework.test.context.transaction.TransactionalTestExecutionListener, org.springframework.test.context.jdbc.SqlScriptsTestExecutionListener]
oct. 21, 2023 9:46:20 AM org.springframework.test.context.support.DefaultTestContextBootstrapper getTestExecutionListeners
INFOS: Using TestExecutionListeners: [org.springframework.test.context.web.ServletTestExecutionListener@6e92c6ad, org.springframework.test.context.support.DirtiesContextBeforeModesTestExecutionListener@2fb5fe30, org.springframework.test.context.support.DependencyInjectionTestExecutionListener@456be73c, org.springframework.test.context.support.DirtiesContextTestExecutionListener@2375b321, org.springframework.test.context.transaction.TransactionalTestExecutionListener@5baaae4c, org.springframework.test.context.jdbc.SqlScriptsTestExecutionListener@5b6e8f77]
oct. 21, 2023 9:46:20 AM org.springframework.beans.factory.xml.XmlBeanDefinitionReader loadBeanDefinitions
INFOS: Loading XML bean definitions from class path resource [TestsBanqueManager-context.xml]
oct. 21, 2023 9:46:20 AM org.springframework.context.support.GenericApplicationContext prepareRefresh
INFOS: Refreshing org.springframework.context.support.GenericApplicationContext@41a6d121: startup date [Sat Oct 21 09:46:20 CEST 2023]; root of context hierarchy
oct. 21, 2023 9:46:20 AM org.hibernate.dialect.Dialect <init>
INFO: HHH000400: Using dialect: org.hibernate.dialect.MySQLInnoDBDialect
oct. 21, 2023 9:46:20 AM org.springframework.orm.hibernate5.HibernateTransactionManager afterPropertiesSet
INFOS: Using DataSource [org.apache.commons.dbcp.BasicDataSource@27068a50] of Hibernate SessionFactory for HibernateTransactionManager
oct. 21, 2023 9:46:20 AM org.springframework.test.context.transaction.TransactionContext startTransaction
INFOS: Began transaction (1) for test context [DefaultTestContext@48bfb884 testClass = TestsBanqueManager, testInstance = com.iut.banque.test.facade.TestsBanqueManager@11653e3b, testMethod = TestSuppressionDunClientAvecUnCompteDeSoldePositif@TestsBanqueManager, testException = [null], mergedContextConfiguration = [MergedContextConfiguration@5328a9c1 testClass = TestsBanqueManager, locations = '{classpath:TestsBanqueManager-context.xml}', classes = '{}', contextInitializerClasses = '[]', activeProfiles = '{}', propertySourceLocations = '{}', propertySourceProperties = '{}', contextLoader = 'org.springframework.test.context.support.DelegatingSmartContextLoader', parent = [null]]]; transaction manager [org.springframework.orm.hibernate5.HibernateTransactionManager@715fb77]; rollback [true]
oct. 21, 2023 9:46:20 AM org.springframework.test.context.transaction.TransactionContext endTransaction
INFOS: Rolled back transaction for test context [DefaultTestContext@48bfb884 testClass = TestsBanqueManager, testInstance = com.iut.banque.test.facade.TestsBanqueManager@11653e3b, testMethod = TestSuppressionDunClientAvecUnCompteDeSoldePositif@TestsBanqueManager, testException = [null], mergedContextConfiguration = [MergedContextConfiguration@5328a9c1 testClass = TestsBanqueManager, locations = '{classpath:TestsBanqueManager-context.xml}', classes = '{}', contextInitializerClasses = '[]', activeProfiles = '{}', propertySourceLocations = '{}', propertySourceProperties = '{}', contextLoader = 'org.springframework.test.context.support.DelegatingSmartContextLoader', parent = [null]]].
]]></system-err>
  </testcase>
  <testcase name="TestSuppressionDunClientAvecUnCompteAvecDecouvertDeSoldeNegatif" classname="com.iut.banque.test.facade.TestsBanqueManager" time="0.009">
    <system-err><![CDATA[oct. 21, 2023 9:46:20 AM org.springframework.test.context.transaction.TransactionContext startTransaction
INFOS: Began transaction (1) for test context [DefaultTestContext@48bfb884 testClass = TestsBanqueManager, testInstance = com.iut.banque.test.facade.TestsBanqueManager@4b1c0397, testMethod = TestSuppressionDunClientAvecUnCompteAvecDecouvertDeSoldeNegatif@TestsBanqueManager, testException = [null], mergedContextConfiguration = [MergedContextConfiguration@5328a9c1 testClass = TestsBanqueManager, locations = '{classpath:TestsBanqueManager-context.xml}', classes = '{}', contextInitializerClasses = '[]', activeProfiles = '{}', propertySourceLocations = '{}', propertySourceProperties = '{}', contextLoader = 'org.springframework.test.context.support.DelegatingSmartContextLoader', parent = [null]]]; transaction manager [org.springframework.orm.hibernate5.HibernateTransactionManager@715fb77]; rollback [true]
oct. 21, 2023 9:46:20 AM org.springframework.test.context.transaction.TransactionContext endTransaction
INFOS: Rolled back transaction for test context [DefaultTestContext@48bfb884 testClass = TestsBanqueManager, testInstance = com.iut.banque.test.facade.TestsBanqueManager@4b1c0397, testMethod = TestSuppressionDunClientAvecUnCompteAvecDecouvertDeSoldeNegatif@TestsBanqueManager, testException = [null], mergedContextConfiguration = [MergedContextConfiguration@5328a9c1 testClass = TestsBanqueManager, locations = '{classpath:TestsBanqueManager-context.xml}', classes = '{}', contextInitializerClasses = '[]', activeProfiles = '{}', propertySourceLocations = '{}', propertySourceProperties = '{}', contextLoader = 'org.springframework.test.context.support.DelegatingSmartContextLoader', parent = [null]]].
]]></system-err>
  </testcase>
  <testcase name="TestSuppressionDunCompteAvecDecouvertAvecSoldeDifferentDeZero" classname="com.iut.banque.test.facade.TestsBanqueManager" time="0.008">
    <system-err><![CDATA[oct. 21, 2023 9:46:20 AM org.springframework.test.context.transaction.TransactionContext startTransaction
INFOS: Began transaction (1) for test context [DefaultTestContext@48bfb884 testClass = TestsBanqueManager, testInstance = com.iut.banque.test.facade.TestsBanqueManager@34cf5a97, testMethod = TestSuppressionDunCompteAvecDecouvertAvecSoldeDifferentDeZero@TestsBanqueManager, testException = [null], mergedContextConfiguration = [MergedContextConfiguration@5328a9c1 testClass = TestsBanqueManager, locations = '{classpath:TestsBanqueManager-context.xml}', classes = '{}', contextInitializerClasses = '[]', activeProfiles = '{}', propertySourceLocations = '{}', propertySourceProperties = '{}', contextLoader = 'org.springframework.test.context.support.DelegatingSmartContextLoader', parent = [null]]]; transaction manager [org.springframework.orm.hibernate5.HibernateTransactionManager@715fb77]; rollback [true]
oct. 21, 2023 9:46:20 AM org.springframework.test.context.transaction.TransactionContext endTransaction
INFOS: Rolled back transaction for test context [DefaultTestContext@48bfb884 testClass = TestsBanqueManager, testInstance = com.iut.banque.test.facade.TestsBanqueManager@34cf5a97, testMethod = TestSuppressionDunCompteAvecDecouvertAvecSoldeDifferentDeZero@TestsBanqueManager, testException = [null], mergedContextConfiguration = [MergedContextConfiguration@5328a9c1 testClass = TestsBanqueManager, locations = '{classpath:TestsBanqueManager-context.xml}', classes = '{}', contextInitializerClasses = '[]', activeProfiles = '{}', propertySourceLocations = '{}', propertySourceProperties = '{}', contextLoader = 'org.springframework.test.context.support.DelegatingSmartContextLoader', parent = [null]]].
]]></system-err>
  </testcase>
  <testcase name="TestSuppressionDunClientAvecComptesDeSoldeZero" classname="com.iut.banque.test.facade.TestsBanqueManager" time="0.019">
    <system-err><![CDATA[oct. 21, 2023 9:46:20 AM org.springframework.test.context.transaction.TransactionContext startTransaction
INFOS: Began transaction (1) for test context [DefaultTestContext@48bfb884 testClass = TestsBanqueManager, testInstance = com.iut.banque.test.facade.TestsBanqueManager@69cac930, testMethod = TestSuppressionDunClientAvecComptesDeSoldeZero@TestsBanqueManager, testException = [null], mergedContextConfiguration = [MergedContextConfiguration@5328a9c1 testClass = TestsBanqueManager, locations = '{classpath:TestsBanqueManager-context.xml}', classes = '{}', contextInitializerClasses = '[]', activeProfiles = '{}', propertySourceLocations = '{}', propertySourceProperties = '{}', contextLoader = 'org.springframework.test.context.support.DelegatingSmartContextLoader', parent = [null]]]; transaction manager [org.springframework.orm.hibernate5.HibernateTransactionManager@715fb77]; rollback [true]
oct. 21, 2023 9:46:20 AM org.springframework.test.context.transaction.TransactionContext endTransaction
INFOS: Rolled back transaction for test context [DefaultTestContext@48bfb884 testClass = TestsBanqueManager, testInstance = com.iut.banque.test.facade.TestsBanqueManager@69cac930, testMethod = TestSuppressionDunClientAvecComptesDeSoldeZero@TestsBanqueManager, testException = [null], mergedContextConfiguration = [MergedContextConfiguration@5328a9c1 testClass = TestsBanqueManager, locations = '{classpath:TestsBanqueManager-context.xml}', classes = '{}', contextInitializerClasses = '[]', activeProfiles = '{}', propertySourceLocations = '{}', propertySourceProperties = '{}', contextLoader = 'org.springframework.test.context.support.DelegatingSmartContextLoader', parent = [null]]].
]]></system-err>
  </testcase>
  <testcase name="TestSuppressionDuDernierManagerDeLaBaseDeDonnees" classname="com.iut.banque.test.facade.TestsBanqueManager" time="0.007">
    <system-err><![CDATA[oct. 21, 2023 9:46:20 AM org.springframework.test.context.transaction.TransactionContext startTransaction
INFOS: Began transaction (1) for test context [DefaultTestContext@48bfb884 testClass = TestsBanqueManager, testInstance = com.iut.banque.test.facade.TestsBanqueManager@60723d6a, testMethod = TestSuppressionDuDernierManagerDeLaBaseDeDonnees@TestsBanqueManager, testException = [null], mergedContextConfiguration = [MergedContextConfiguration@5328a9c1 testClass = TestsBanqueManager, locations = '{classpath:TestsBanqueManager-context.xml}', classes = '{}', contextInitializerClasses = '[]', activeProfiles = '{}', propertySourceLocations = '{}', propertySourceProperties = '{}', contextLoader = 'org.springframework.test.context.support.DelegatingSmartContextLoader', parent = [null]]]; transaction manager [org.springframework.orm.hibernate5.HibernateTransactionManager@715fb77]; rollback [true]
oct. 21, 2023 9:46:20 AM org.springframework.test.context.transaction.TransactionContext endTransaction
INFOS: Rolled back transaction for test context [DefaultTestContext@48bfb884 testClass = TestsBanqueManager, testInstance = com.iut.banque.test.facade.TestsBanqueManager@60723d6a, testMethod = TestSuppressionDuDernierManagerDeLaBaseDeDonnees@TestsBanqueManager, testException = [null], mergedContextConfiguration = [MergedContextConfiguration@5328a9c1 testClass = TestsBanqueManager, locations = '{classpath:TestsBanqueManager-context.xml}', classes = '{}', contextInitializerClasses = '[]', activeProfiles = '{}', propertySourceLocations = '{}', propertySourceProperties = '{}', contextLoader = 'org.springframework.test.context.support.DelegatingSmartContextLoader', parent = [null]]].
]]></system-err>
  </testcase>
  <testcase name="TestSuppressionDunCompteSansDecouvertAvecSoldeZero" classname="com.iut.banque.test.facade.TestsBanqueManager" time="0.01">
    <system-err><![CDATA[oct. 21, 2023 9:46:20 AM org.springframework.test.context.transaction.TransactionContext startTransaction
INFOS: Began transaction (1) for test context [DefaultTestContext@48bfb884 testClass = TestsBanqueManager, testInstance = com.iut.banque.test.facade.TestsBanqueManager@abbc908, testMethod = TestSuppressionDunCompteSansDecouvertAvecSoldeZero@TestsBanqueManager, testException = [null], mergedContextConfiguration = [MergedContextConfiguration@5328a9c1 testClass = TestsBanqueManager, locations = '{classpath:TestsBanqueManager-context.xml}', classes = '{}', contextInitializerClasses = '[]', activeProfiles = '{}', propertySourceLocations = '{}', propertySourceProperties = '{}', contextLoader = 'org.springframework.test.context.support.DelegatingSmartContextLoader', parent = [null]]]; transaction manager [org.springframework.orm.hibernate5.HibernateTransactionManager@715fb77]; rollback [true]
oct. 21, 2023 9:46:20 AM org.springframework.test.context.transaction.TransactionContext endTransaction
INFOS: Rolled back transaction for test context [DefaultTestContext@48bfb884 testClass = TestsBanqueManager, testInstance = com.iut.banque.test.facade.TestsBanqueManager@abbc908, testMethod = TestSuppressionDunCompteSansDecouvertAvecSoldeZero@TestsBanqueManager, testException = [null], mergedContextConfiguration = [MergedContextConfiguration@5328a9c1 testClass = TestsBanqueManager, locations = '{classpath:TestsBanqueManager-context.xml}', classes = '{}', contextInitializerClasses = '[]', activeProfiles = '{}', propertySourceLocations = '{}', propertySourceProperties = '{}', contextLoader = 'org.springframework.test.context.support.DelegatingSmartContextLoader', parent = [null]]].
]]></system-err>
  </testcase>
  <testcase name="TestSuppressionDunCompteSansDecouvertAvecSoldeDifferentDeZero" classname="com.iut.banque.test.facade.TestsBanqueManager" time="0.009">
    <system-err><![CDATA[oct. 21, 2023 9:46:20 AM org.springframework.test.context.transaction.TransactionContext startTransaction
INFOS: Began transaction (1) for test context [DefaultTestContext@48bfb884 testClass = TestsBanqueManager, testInstance = com.iut.banque.test.facade.TestsBanqueManager@6edaa77a, testMethod = TestSuppressionDunCompteSansDecouvertAvecSoldeDifferentDeZero@TestsBanqueManager, testException = [null], mergedContextConfiguration = [MergedContextConfiguration@5328a9c1 testClass = TestsBanqueManager, locations = '{classpath:TestsBanqueManager-context.xml}', classes = '{}', contextInitializerClasses = '[]', activeProfiles = '{}', propertySourceLocations = '{}', propertySourceProperties = '{}', contextLoader = 'org.springframework.test.context.support.DelegatingSmartContextLoader', parent = [null]]]; transaction manager [org.springframework.orm.hibernate5.HibernateTransactionManager@715fb77]; rollback [true]
oct. 21, 2023 9:46:20 AM org.springframework.test.context.transaction.TransactionContext endTransaction
INFOS: Rolled back transaction for test context [DefaultTestContext@48bfb884 testClass = TestsBanqueManager, testInstance = com.iut.banque.test.facade.TestsBanqueManager@6edaa77a, testMethod = TestSuppressionDunCompteSansDecouvertAvecSoldeDifferentDeZero@TestsBanqueManager, testException = [null], mergedContextConfiguration = [MergedContextConfiguration@5328a9c1 testClass = TestsBanqueManager, locations = '{classpath:TestsBanqueManager-context.xml}', classes = '{}', contextInitializerClasses = '[]', activeProfiles = '{}', propertySourceLocations = '{}', propertySourceProperties = '{}', contextLoader = 'org.springframework.test.context.support.DelegatingSmartContextLoader', parent = [null]]].
]]></system-err>
  </testcase>
  <testcase name="TestCreationDunClientAvecDeuxNumerosDeCompteIdentiques" classname="com.iut.banque.test.facade.TestsBanqueManager" time="0.01">
    <system-err><![CDATA[oct. 21, 2023 9:46:20 AM org.springframework.test.context.transaction.TransactionContext startTransaction
INFOS: Began transaction (1) for test context [DefaultTestContext@48bfb884 testClass = TestsBanqueManager, testInstance = com.iut.banque.test.facade.TestsBanqueManager@56de6d6b, testMethod = TestCreationDunClientAvecDeuxNumerosDeCompteIdentiques@TestsBanqueManager, testException = [null], mergedContextConfiguration = [MergedContextConfiguration@5328a9c1 testClass = TestsBanqueManager, locations = '{classpath:TestsBanqueManager-context.xml}', classes = '{}', contextInitializerClasses = '[]', activeProfiles = '{}', propertySourceLocations = '{}', propertySourceProperties = '{}', contextLoader = 'org.springframework.test.context.support.DelegatingSmartContextLoader', parent = [null]]]; transaction manager [org.springframework.orm.hibernate5.HibernateTransactionManager@715fb77]; rollback [true]
oct. 21, 2023 9:46:20 AM org.springframework.test.context.transaction.TransactionContext endTransaction
INFOS: Rolled back transaction for test context [DefaultTestContext@48bfb884 testClass = TestsBanqueManager, testInstance = com.iut.banque.test.facade.TestsBanqueManager@56de6d6b, testMethod = TestCreationDunClientAvecDeuxNumerosDeCompteIdentiques@TestsBanqueManager, testException = [null], mergedContextConfiguration = [MergedContextConfiguration@5328a9c1 testClass = TestsBanqueManager, locations = '{classpath:TestsBanqueManager-context.xml}', classes = '{}', contextInitializerClasses = '[]', activeProfiles = '{}', propertySourceLocations = '{}', propertySourceProperties = '{}', contextLoader = 'org.springframework.test.context.support.DelegatingSmartContextLoader', parent = [null]]].
]]></system-err>
  </testcase>
  <testcase name="TestSuppressionDunCompteAvecDecouvertAvecSoldeZero" classname="com.iut.banque.test.facade.TestsBanqueManager" time="0.007">
    <system-err><![CDATA[oct. 21, 2023 9:46:20 AM org.springframework.test.context.transaction.TransactionContext startTransaction
INFOS: Began transaction (1) for test context [DefaultTestContext@48bfb884 testClass = TestsBanqueManager, testInstance = com.iut.banque.test.facade.TestsBanqueManager@53093491, testMethod = TestSuppressionDunCompteAvecDecouvertAvecSoldeZero@TestsBanqueManager, testException = [null], mergedContextConfiguration = [MergedContextConfiguration@5328a9c1 testClass = TestsBanqueManager, locations = '{classpath:TestsBanqueManager-context.xml}', classes = '{}', contextInitializerClasses = '[]', activeProfiles = '{}', propertySourceLocations = '{}', propertySourceProperties = '{}', contextLoader = 'org.springframework.test.context.support.DelegatingSmartContextLoader', parent = [null]]]; transaction manager [org.springframework.orm.hibernate5.HibernateTransactionManager@715fb77]; rollback [true]
oct. 21, 2023 9:46:20 AM org.springframework.test.context.transaction.TransactionContext endTransaction
INFOS: Rolled back transaction for test context [DefaultTestContext@48bfb884 testClass = TestsBanqueManager, testInstance = com.iut.banque.test.facade.TestsBanqueManager@53093491, testMethod = TestSuppressionDunCompteAvecDecouvertAvecSoldeZero@TestsBanqueManager, testException = [null], mergedContextConfiguration = [MergedContextConfiguration@5328a9c1 testClass = TestsBanqueManager, locations = '{classpath:TestsBanqueManager-context.xml}', classes = '{}', contextInitializerClasses = '[]', activeProfiles = '{}', propertySourceLocations = '{}', propertySourceProperties = '{}', contextLoader = 'org.springframework.test.context.support.DelegatingSmartContextLoader', parent = [null]]].
]]></system-err>
  </testcase>
  <testcase name="TestSuppressionDunUtilisateurSansCompte" classname="com.iut.banque.test.facade.TestsBanqueManager" time="0.01">
    <system-err><![CDATA[oct. 21, 2023 9:46:20 AM org.springframework.test.context.transaction.TransactionContext startTransaction
INFOS: Began transaction (1) for test context [DefaultTestContext@48bfb884 testClass = TestsBanqueManager, testInstance = com.iut.banque.test.facade.TestsBanqueManager@7578e06a, testMethod = TestSuppressionDunUtilisateurSansCompte@TestsBanqueManager, testException = [null], mergedContextConfiguration = [MergedContextConfiguration@5328a9c1 testClass = TestsBanqueManager, locations = '{classpath:TestsBanqueManager-context.xml}', classes = '{}', contextInitializerClasses = '[]', activeProfiles = '{}', propertySourceLocations = '{}', propertySourceProperties = '{}', contextLoader = 'org.springframework.test.context.support.DelegatingSmartContextLoader', parent = [null]]]; transaction manager [org.springframework.orm.hibernate5.HibernateTransactionManager@715fb77]; rollback [true]
oct. 21, 2023 9:46:20 AM org.springframework.test.context.transaction.TransactionContext endTransaction
INFOS: Rolled back transaction for test context [DefaultTestContext@48bfb884 testClass = TestsBanqueManager, testInstance = com.iut.banque.test.facade.TestsBanqueManager@7578e06a, testMethod = TestSuppressionDunUtilisateurSansCompte@TestsBanqueManager, testException = [null], mergedContextConfiguration = [MergedContextConfiguration@5328a9c1 testClass = TestsBanqueManager, locations = '{classpath:TestsBanqueManager-context.xml}', classes = '{}', contextInitializerClasses = '[]', activeProfiles = '{}', propertySourceLocations = '{}', propertySourceProperties = '{}', contextLoader = 'org.springframework.test.context.support.DelegatingSmartContextLoader', parent = [null]]].
]]></system-err>
  </testcase>
  <testcase name="TestCreationDunClient" classname="com.iut.banque.test.facade.TestsBanqueManager" time="0.009">
    <system-err><![CDATA[oct. 21, 2023 9:46:20 AM org.springframework.test.context.transaction.TransactionContext startTransaction
INFOS: Began transaction (1) for test context [DefaultTestContext@48bfb884 testClass = TestsBanqueManager, testInstance = com.iut.banque.test.facade.TestsBanqueManager@12db3386, testMethod = TestCreationDunClient@TestsBanqueManager, testException = [null], mergedContextConfiguration = [MergedContextConfiguration@5328a9c1 testClass = TestsBanqueManager, locations = '{classpath:TestsBanqueManager-context.xml}', classes = '{}', contextInitializerClasses = '[]', activeProfiles = '{}', propertySourceLocations = '{}', propertySourceProperties = '{}', contextLoader = 'org.springframework.test.context.support.DelegatingSmartContextLoader', parent = [null]]]; transaction manager [org.springframework.orm.hibernate5.HibernateTransactionManager@715fb77]; rollback [true]
oct. 21, 2023 9:46:20 AM org.springframework.test.context.transaction.TransactionContext endTransaction
INFOS: Rolled back transaction for test context [DefaultTestContext@48bfb884 testClass = TestsBanqueManager, testInstance = com.iut.banque.test.facade.TestsBanqueManager@12db3386, testMethod = TestCreationDunClient@TestsBanqueManager, testException = [null], mergedContextConfiguration = [MergedContextConfiguration@5328a9c1 testClass = TestsBanqueManager, locations = '{classpath:TestsBanqueManager-context.xml}', classes = '{}', contextInitializerClasses = '[]', activeProfiles = '{}', propertySourceLocations = '{}', propertySourceProperties = '{}', contextLoader = 'org.springframework.test.context.support.DelegatingSmartContextLoader', parent = [null]]].
]]></system-err>
  </testcase>
</testsuite>