<?xml version="1.0" encoding="UTF-8"?>
<testsuite xmlns:xsi="http://www.w3.org/2001/XMLSchema-instance" xsi:noNamespaceSchemaLocation="https://maven.apache.org/surefire/maven-surefire-plugin/xsd/surefire-test-report-3.0.xsd" version="3.0" name="com.iut.banque.test.dao.TestsDaoHibernate" time="1.808" tests="28" errors="0" skipped="0" failures="0">
  <properties>
[...]
</properties>
  <testcase name="testIsUserAllowedUserDoesntExist" classname="com.iut.banque.test.dao.TestsDaoHibernate" time="0.082">
    <system-out><![CDATA[==================
Création de la Dao
]]></system-out>
    <system-err><![CDATA[oct. 21, 2023 9:46:18 AM org.springframework.test.context.support.DefaultTestContextBootstrapper getDefaultTestExecutionListenerClassNames
INFOS: Loaded default TestExecutionListener class names from location [META-INF/spring.factories]: [org.springframework.test.context.web.ServletTestExecutionListener, org.springframework.test.context.support.DirtiesContextBeforeModesTestExecutionListener, org.springframework.test.context.support.DependencyInjectionTestExecutionListener, org.springframework.test.context.support.DirtiesContextTestExecutionListener, org.springframework.test.context.transaction.TransactionalTestExecutionListener, org.springframework.test.context.jdbc.SqlScriptsTestExecutionListener]
oct. 21, 2023 9:46:18 AM org.springframework.test.context.support.DefaultTestContextBootstrapper getTestExecutionListeners
INFOS: Using TestExecutionListeners: [org.springframework.test.context.web.ServletTestExecutionListener@6895a785, org.springframework.test.context.support.DirtiesContextBeforeModesTestExecutionListener@184f6be2, org.springframework.test.context.support.DependencyInjectionTestExecutionListener@56aac163, org.springframework.test.context.support.DirtiesContextTestExecutionListener@1f7030a6, org.springframework.test.context.transaction.TransactionalTestExecutionListener@5a1c0542, org.springframework.test.context.jdbc.SqlScriptsTestExecutionListener@396f6598]
oct. 21, 2023 9:46:18 AM org.springframework.beans.factory.xml.XmlBeanDefinitionReader loadBeanDefinitions
INFOS: Loading XML bean definitions from class path resource [TestsDaoHibernate-context.xml]
oct. 21, 2023 9:46:18 AM org.springframework.context.support.GenericApplicationContext prepareRefresh
INFOS: Refreshing org.springframework.context.support.GenericApplicationContext@6b57696f: startup date [Sat Oct 21 09:46:18 CEST 2023]; root of context hierarchy
oct. 21, 2023 9:46:18 AM org.hibernate.Version logVersion
INFO: HHH000412: Hibernate Core {5.1.17.Final}
oct. 21, 2023 9:46:18 AM org.hibernate.cfg.Environment <clinit>
INFO: HHH000206: hibernate.properties not found
oct. 21, 2023 9:46:18 AM org.hibernate.cfg.Environment buildBytecodeProvider
INFO: HHH000021: Bytecode provider name : javassist
oct. 21, 2023 9:46:18 AM org.hibernate.annotations.common.reflection.java.JavaReflectionManager <clinit>
INFO: HCANN000001: Hibernate Commons Annotations {5.0.1.Final}
oct. 21, 2023 9:46:19 AM org.hibernate.dialect.Dialect <init>
INFO: HHH000400: Using dialect: org.hibernate.dialect.MySQLInnoDBDialect
oct. 21, 2023 9:46:19 AM org.springframework.orm.hibernate5.HibernateTransactionManager afterPropertiesSet
INFOS: Using DataSource [org.apache.commons.dbcp.BasicDataSource@2fa7ae9] of Hibernate SessionFactory for HibernateTransactionManager
oct. 21, 2023 9:46:19 AM org.springframework.test.context.transaction.TransactionContext startTransaction
INFOS: Began transaction (1) for test context [DefaultTestContext@1929425f testClass = TestsDaoHibernate, testInstance = com.iut.banque.test.dao.TestsDaoHibernate@718607eb, testMethod = testIsUserAllowedUserDoesntExist@TestsDaoHibernate, testException = [null], mergedContextConfiguration = [MergedContextConfiguration@41de5768 testClass = TestsDaoHibernate, locations = '{classpath:TestsDaoHibernate-context.xml}', classes = '{}', contextInitializerClasses = '[]', activeProfiles = '{}', propertySourceLocations = '{}', propertySourceProperties = '{}', contextLoader = 'org.springframework.test.context.support.DelegatingSmartContextLoader', parent = [null]]]; transaction manager [org.springframework.orm.hibernate5.HibernateTransactionManager@27f3b6d6]; rollback [true]
oct. 21, 2023 9:46:20 AM org.springframework.test.context.transaction.TransactionContext endTransaction
INFOS: Rolled back transaction for test context [DefaultTestContext@1929425f testClass = TestsDaoHibernate, testInstance = com.iut.banque.test.dao.TestsDaoHibernate@718607eb, testMethod = testIsUserAllowedUserDoesntExist@TestsDaoHibernate, testException = [null], mergedContextConfiguration = [MergedContextConfiguration@41de5768 testClass = TestsDaoHibernate, locations = '{classpath:TestsDaoHibernate-context.xml}', classes = '{}', contextInitializerClasses = '[]', activeProfiles = '{}', propertySourceLocations = '{}', propertySourceProperties = '{}', contextLoader = 'org.springframework.test.context.support.DelegatingSmartContextLoader', parent = [null]]].
]]></system-err>
  </testcase>
  <testcase name="testGetAccountByIdExist" classname="com.iut.banque.test.dao.TestsDaoHibernate" time="0.026">
    <system-err><![CDATA[oct. 21, 2023 9:46:20 AM org.springframework.test.context.transaction.TransactionContext startTransaction
INFOS: Began transaction (1) for test context [DefaultTestContext@1929425f testClass = TestsDaoHibernate, testInstance = com.iut.banque.test.dao.TestsDaoHibernate@2c383e33, testMethod = testGetAccountByIdExist@TestsDaoHibernate, testException = [null], mergedContextConfiguration = [MergedContextConfiguration@41de5768 testClass = TestsDaoHibernate, locations = '{classpath:TestsDaoHibernate-context.xml}', classes = '{}', contextInitializerClasses = '[]', activeProfiles = '{}', propertySourceLocations = '{}', propertySourceProperties = '{}', contextLoader = 'org.springframework.test.context.support.DelegatingSmartContextLoader', parent = [null]]]; transaction manager [org.springframework.orm.hibernate5.HibernateTransactionManager@27f3b6d6]; rollback [true]
oct. 21, 2023 9:46:20 AM org.springframework.test.context.transaction.TransactionContext endTransaction
INFOS: Rolled back transaction for test context [DefaultTestContext@1929425f testClass = TestsDaoHibernate, testInstance = com.iut.banque.test.dao.TestsDaoHibernate@2c383e33, testMethod = testGetAccountByIdExist@TestsDaoHibernate, testException = [null], mergedContextConfiguration = [MergedContextConfiguration@41de5768 testClass = TestsDaoHibernate, locations = '{classpath:TestsDaoHibernate-context.xml}', classes = '{}', contextInitializerClasses = '[]', activeProfiles = '{}', propertySourceLocations = '{}', propertySourceProperties = '{}', contextLoader = 'org.springframework.test.context.support.DelegatingSmartContextLoader', parent = [null]]].
]]></system-err>
  </testcase>
  <testcase name="testGetCompteSansDecouvert" classname="com.iut.banque.test.dao.TestsDaoHibernate" time="0.008">
    <system-err><![CDATA[oct. 21, 2023 9:46:20 AM org.springframework.test.context.transaction.TransactionContext startTransaction
INFOS: Began transaction (1) for test context [DefaultTestContext@1929425f testClass = TestsDaoHibernate, testInstance = com.iut.banque.test.dao.TestsDaoHibernate@6e4ea0bd, testMethod = testGetCompteSansDecouvert@TestsDaoHibernate, testException = [null], mergedContextConfiguration = [MergedContextConfiguration@41de5768 testClass = TestsDaoHibernate, locations = '{classpath:TestsDaoHibernate-context.xml}', classes = '{}', contextInitializerClasses = '[]', activeProfiles = '{}', propertySourceLocations = '{}', propertySourceProperties = '{}', contextLoader = 'org.springframework.test.context.support.DelegatingSmartContextLoader', parent = [null]]]; transaction manager [org.springframework.orm.hibernate5.HibernateTransactionManager@27f3b6d6]; rollback [true]
oct. 21, 2023 9:46:20 AM org.springframework.test.context.transaction.TransactionContext endTransaction
INFOS: Rolled back transaction for test context [DefaultTestContext@1929425f testClass = TestsDaoHibernate, testInstance = com.iut.banque.test.dao.TestsDaoHibernate@6e4ea0bd, testMethod = testGetCompteSansDecouvert@TestsDaoHibernate, testException = [null], mergedContextConfiguration = [MergedContextConfiguration@41de5768 testClass = TestsDaoHibernate, locations = '{classpath:TestsDaoHibernate-context.xml}', classes = '{}', contextInitializerClasses = '[]', activeProfiles = '{}', propertySourceLocations = '{}', propertySourceProperties = '{}', contextLoader = 'org.springframework.test.context.support.DelegatingSmartContextLoader', parent = [null]]].
]]></system-err>
  </testcase>
  <testcase name="testDeleteAccountExist" classname="com.iut.banque.test.dao.TestsDaoHibernate" time="0.014">
    <system-err><![CDATA[oct. 21, 2023 9:46:20 AM org.springframework.test.context.transaction.TransactionContext startTransaction
INFOS: Began transaction (1) for test context [DefaultTestContext@1929425f testClass = TestsDaoHibernate, testInstance = com.iut.banque.test.dao.TestsDaoHibernate@6f89f665, testMethod = testDeleteAccountExist@TestsDaoHibernate, testException = [null], mergedContextConfiguration = [MergedContextConfiguration@41de5768 testClass = TestsDaoHibernate, locations = '{classpath:TestsDaoHibernate-context.xml}', classes = '{}', contextInitializerClasses = '[]', activeProfiles = '{}', propertySourceLocations = '{}', propertySourceProperties = '{}', contextLoader = 'org.springframework.test.context.support.DelegatingSmartContextLoader', parent = [null]]]; transaction manager [org.springframework.orm.hibernate5.HibernateTransactionManager@27f3b6d6]; rollback [true]
oct. 21, 2023 9:46:20 AM org.springframework.test.context.transaction.TransactionContext endTransaction
INFOS: Rolled back transaction for test context [DefaultTestContext@1929425f testClass = TestsDaoHibernate, testInstance = com.iut.banque.test.dao.TestsDaoHibernate@6f89f665, testMethod = testDeleteAccountExist@TestsDaoHibernate, testException = [null], mergedContextConfiguration = [MergedContextConfiguration@41de5768 testClass = TestsDaoHibernate, locations = '{classpath:TestsDaoHibernate-context.xml}', classes = '{}', contextInitializerClasses = '[]', activeProfiles = '{}', propertySourceLocations = '{}', propertySourceProperties = '{}', contextLoader = 'org.springframework.test.context.support.DelegatingSmartContextLoader', parent = [null]]].
]]></system-err>
  </testcase>
  <testcase name="testCreateUserExistingId" classname="com.iut.banque.test.dao.TestsDaoHibernate" time="0.006">
    <system-err><![CDATA[oct. 21, 2023 9:46:20 AM org.springframework.test.context.transaction.TransactionContext startTransaction
INFOS: Began transaction (1) for test context [DefaultTestContext@1929425f testClass = TestsDaoHibernate, testInstance = com.iut.banque.test.dao.TestsDaoHibernate@36074e47, testMethod = testCreateUserExistingId@TestsDaoHibernate, testException = [null], mergedContextConfiguration = [MergedContextConfiguration@41de5768 testClass = TestsDaoHibernate, locations = '{classpath:TestsDaoHibernate-context.xml}', classes = '{}', contextInitializerClasses = '[]', activeProfiles = '{}', propertySourceLocations = '{}', propertySourceProperties = '{}', contextLoader = 'org.springframework.test.context.support.DelegatingSmartContextLoader', parent = [null]]]; transaction manager [org.springframework.orm.hibernate5.HibernateTransactionManager@27f3b6d6]; rollback [true]
oct. 21, 2023 9:46:20 AM org.springframework.test.context.transaction.TransactionContext endTransaction
INFOS: Rolled back transaction for test context [DefaultTestContext@1929425f testClass = TestsDaoHibernate, testInstance = com.iut.banque.test.dao.TestsDaoHibernate@36074e47, testMethod = testCreateUserExistingId@TestsDaoHibernate, testException = [null], mergedContextConfiguration = [MergedContextConfiguration@41de5768 testClass = TestsDaoHibernate, locations = '{classpath:TestsDaoHibernate-context.xml}', classes = '{}', contextInitializerClasses = '[]', activeProfiles = '{}', propertySourceLocations = '{}', propertySourceProperties = '{}', contextLoader = 'org.springframework.test.context.support.DelegatingSmartContextLoader', parent = [null]]].
]]></system-err>
  </testcase>
  <testcase name="testGetUserByIdExist" classname="com.iut.banque.test.dao.TestsDaoHibernate" time="0.006">
    <system-err><![CDATA[oct. 21, 2023 9:46:20 AM org.springframework.test.context.transaction.TransactionContext startTransaction
INFOS: Began transaction (1) for test context [DefaultTestContext@1929425f testClass = TestsDaoHibernate, testInstance = com.iut.banque.test.dao.TestsDaoHibernate@6c8a68c1, testMethod = testGetUserByIdExist@TestsDaoHibernate, testException = [null], mergedContextConfiguration = [MergedContextConfiguration@41de5768 testClass = TestsDaoHibernate, locations = '{classpath:TestsDaoHibernate-context.xml}', classes = '{}', contextInitializerClasses = '[]', activeProfiles = '{}', propertySourceLocations = '{}', propertySourceProperties = '{}', contextLoader = 'org.springframework.test.context.support.DelegatingSmartContextLoader', parent = [null]]]; transaction manager [org.springframework.orm.hibernate5.HibernateTransactionManager@27f3b6d6]; rollback [true]
oct. 21, 2023 9:46:20 AM org.springframework.test.context.transaction.TransactionContext endTransaction
INFOS: Rolled back transaction for test context [DefaultTestContext@1929425f testClass = TestsDaoHibernate, testInstance = com.iut.banque.test.dao.TestsDaoHibernate@6c8a68c1, testMethod = testGetUserByIdExist@TestsDaoHibernate, testException = [null], mergedContextConfiguration = [MergedContextConfiguration@41de5768 testClass = TestsDaoHibernate, locations = '{classpath:TestsDaoHibernate-context.xml}', classes = '{}', contextInitializerClasses = '[]', activeProfiles = '{}', propertySourceLocations = '{}', propertySourceProperties = '{}', contextLoader = 'org.springframework.test.context.support.DelegatingSmartContextLoader', parent = [null]]].
]]></system-err>
  </testcase>
  <testcase name="testGetAccountByIdDoesntExist" classname="com.iut.banque.test.dao.TestsDaoHibernate" time="0.005">
    <system-err><![CDATA[oct. 21, 2023 9:46:20 AM org.springframework.test.context.transaction.TransactionContext startTransaction
INFOS: Began transaction (1) for test context [DefaultTestContext@1929425f testClass = TestsDaoHibernate, testInstance = com.iut.banque.test.dao.TestsDaoHibernate@138a7441, testMethod = testGetAccountByIdDoesntExist@TestsDaoHibernate, testException = [null], mergedContextConfiguration = [MergedContextConfiguration@41de5768 testClass = TestsDaoHibernate, locations = '{classpath:TestsDaoHibernate-context.xml}', classes = '{}', contextInitializerClasses = '[]', activeProfiles = '{}', propertySourceLocations = '{}', propertySourceProperties = '{}', contextLoader = 'org.springframework.test.context.support.DelegatingSmartContextLoader', parent = [null]]]; transaction manager [org.springframework.orm.hibernate5.HibernateTransactionManager@27f3b6d6]; rollback [true]
oct. 21, 2023 9:46:20 AM org.springframework.test.context.transaction.TransactionContext endTransaction
INFOS: Rolled back transaction for test context [DefaultTestContext@1929425f testClass = TestsDaoHibernate, testInstance = com.iut.banque.test.dao.TestsDaoHibernate@138a7441, testMethod = testGetAccountByIdDoesntExist@TestsDaoHibernate, testException = [null], mergedContextConfiguration = [MergedContextConfiguration@41de5768 testClass = TestsDaoHibernate, locations = '{classpath:TestsDaoHibernate-context.xml}', classes = '{}', contextInitializerClasses = '[]', activeProfiles = '{}', propertySourceLocations = '{}', propertySourceProperties = '{}', contextLoader = 'org.springframework.test.context.support.DelegatingSmartContextLoader', parent = [null]]].
]]></system-err>
  </testcase>
  <testcase name="testGetClientById" classname="com.iut.banque.test.dao.TestsDaoHibernate" time="0.006">
    <system-err><![CDATA[oct. 21, 2023 9:46:20 AM org.springframework.test.context.transaction.TransactionContext startTransaction
INFOS: Began transaction (1) for test context [DefaultTestContext@1929425f testClass = TestsDaoHibernate, testInstance = com.iut.banque.test.dao.TestsDaoHibernate@3e598df9, testMethod = testGetClientById@TestsDaoHibernate, testException = [null], mergedContextConfiguration = [MergedContextConfiguration@41de5768 testClass = TestsDaoHibernate, locations = '{classpath:TestsDaoHibernate-context.xml}', classes = '{}', contextInitializerClasses = '[]', activeProfiles = '{}', propertySourceLocations = '{}', propertySourceProperties = '{}', contextLoader = 'org.springframework.test.context.support.DelegatingSmartContextLoader', parent = [null]]]; transaction manager [org.springframework.orm.hibernate5.HibernateTransactionManager@27f3b6d6]; rollback [true]
oct. 21, 2023 9:46:20 AM org.springframework.test.context.transaction.TransactionContext endTransaction
INFOS: Rolled back transaction for test context [DefaultTestContext@1929425f testClass = TestsDaoHibernate, testInstance = com.iut.banque.test.dao.TestsDaoHibernate@3e598df9, testMethod = testGetClientById@TestsDaoHibernate, testException = [null], mergedContextConfiguration = [MergedContextConfiguration@41de5768 testClass = TestsDaoHibernate, locations = '{classpath:TestsDaoHibernate-context.xml}', classes = '{}', contextInitializerClasses = '[]', activeProfiles = '{}', propertySourceLocations = '{}', propertySourceProperties = '{}', contextLoader = 'org.springframework.test.context.support.DelegatingSmartContextLoader', parent = [null]]].
]]></system-err>
  </testcase>
  <testcase name="testIsNullPassword" classname="com.iut.banque.test.dao.TestsDaoHibernate" time="0.005">
    <system-err><![CDATA[oct. 21, 2023 9:46:20 AM org.springframework.test.context.transaction.TransactionContext startTransaction
INFOS: Began transaction (1) for test context [DefaultTestContext@1929425f testClass = TestsDaoHibernate, testInstance = com.iut.banque.test.dao.TestsDaoHibernate@6813a331, testMethod = testIsNullPassword@TestsDaoHibernate, testException = [null], mergedContextConfiguration = [MergedContextConfiguration@41de5768 testClass = TestsDaoHibernate, locations = '{classpath:TestsDaoHibernate-context.xml}', classes = '{}', contextInitializerClasses = '[]', activeProfiles = '{}', propertySourceLocations = '{}', propertySourceProperties = '{}', contextLoader = 'org.springframework.test.context.support.DelegatingSmartContextLoader', parent = [null]]]; transaction manager [org.springframework.orm.hibernate5.HibernateTransactionManager@27f3b6d6]; rollback [true]
oct. 21, 2023 9:46:20 AM org.springframework.test.context.transaction.TransactionContext endTransaction
INFOS: Rolled back transaction for test context [DefaultTestContext@1929425f testClass = TestsDaoHibernate, testInstance = com.iut.banque.test.dao.TestsDaoHibernate@6813a331, testMethod = testIsNullPassword@TestsDaoHibernate, testException = [null], mergedContextConfiguration = [MergedContextConfiguration@41de5768 testClass = TestsDaoHibernate, locations = '{classpath:TestsDaoHibernate-context.xml}', classes = '{}', contextInitializerClasses = '[]', activeProfiles = '{}', propertySourceLocations = '{}', propertySourceProperties = '{}', contextLoader = 'org.springframework.test.context.support.DelegatingSmartContextLoader', parent = [null]]].
]]></system-err>
  </testcase>
  <testcase name="testGetCompteAvecDecouvert" classname="com.iut.banque.test.dao.TestsDaoHibernate" time="0.007">
    <system-err><![CDATA[oct. 21, 2023 9:46:20 AM org.springframework.test.context.transaction.TransactionContext startTransaction
INFOS: Began transaction (1) for test context [DefaultTestContext@1929425f testClass = TestsDaoHibernate, testInstance = com.iut.banque.test.dao.TestsDaoHibernate@1bd81830, testMethod = testGetCompteAvecDecouvert@TestsDaoHibernate, testException = [null], mergedContextConfiguration = [MergedContextConfiguration@41de5768 testClass = TestsDaoHibernate, locations = '{classpath:TestsDaoHibernate-context.xml}', classes = '{}', contextInitializerClasses = '[]', activeProfiles = '{}', propertySourceLocations = '{}', propertySourceProperties = '{}', contextLoader = 'org.springframework.test.context.support.DelegatingSmartContextLoader', parent = [null]]]; transaction manager [org.springframework.orm.hibernate5.HibernateTransactionManager@27f3b6d6]; rollback [true]
oct. 21, 2023 9:46:20 AM org.springframework.test.context.transaction.TransactionContext endTransaction
INFOS: Rolled back transaction for test context [DefaultTestContext@1929425f testClass = TestsDaoHibernate, testInstance = com.iut.banque.test.dao.TestsDaoHibernate@1bd81830, testMethod = testGetCompteAvecDecouvert@TestsDaoHibernate, testException = [null], mergedContextConfiguration = [MergedContextConfiguration@41de5768 testClass = TestsDaoHibernate, locations = '{classpath:TestsDaoHibernate-context.xml}', classes = '{}', contextInitializerClasses = '[]', activeProfiles = '{}', propertySourceLocations = '{}', propertySourceProperties = '{}', contextLoader = 'org.springframework.test.context.support.DelegatingSmartContextLoader', parent = [null]]].
]]></system-err>
  </testcase>
  <testcase name="testGetAccountsByUserIdExist" classname="com.iut.banque.test.dao.TestsDaoHibernate" time="0.006">
    <system-err><![CDATA[oct. 21, 2023 9:46:20 AM org.springframework.test.context.transaction.TransactionContext startTransaction
INFOS: Began transaction (1) for test context [DefaultTestContext@1929425f testClass = TestsDaoHibernate, testInstance = com.iut.banque.test.dao.TestsDaoHibernate@7882c44a, testMethod = testGetAccountsByUserIdExist@TestsDaoHibernate, testException = [null], mergedContextConfiguration = [MergedContextConfiguration@41de5768 testClass = TestsDaoHibernate, locations = '{classpath:TestsDaoHibernate-context.xml}', classes = '{}', contextInitializerClasses = '[]', activeProfiles = '{}', propertySourceLocations = '{}', propertySourceProperties = '{}', contextLoader = 'org.springframework.test.context.support.DelegatingSmartContextLoader', parent = [null]]]; transaction manager [org.springframework.orm.hibernate5.HibernateTransactionManager@27f3b6d6]; rollback [true]
oct. 21, 2023 9:46:20 AM org.springframework.test.context.transaction.TransactionContext endTransaction
INFOS: Rolled back transaction for test context [DefaultTestContext@1929425f testClass = TestsDaoHibernate, testInstance = com.iut.banque.test.dao.TestsDaoHibernate@7882c44a, testMethod = testGetAccountsByUserIdExist@TestsDaoHibernate, testException = [null], mergedContextConfiguration = [MergedContextConfiguration@41de5768 testClass = TestsDaoHibernate, locations = '{classpath:TestsDaoHibernate-context.xml}', classes = '{}', contextInitializerClasses = '[]', activeProfiles = '{}', propertySourceLocations = '{}', propertySourceProperties = '{}', contextLoader = 'org.springframework.test.context.support.DelegatingSmartContextLoader', parent = [null]]].
]]></system-err>
  </testcase>
  <testcase name="testCreateCompteSansDecouvert" classname="com.iut.banque.test.dao.TestsDaoHibernate" time="0.011">
    <system-err><![CDATA[oct. 21, 2023 9:46:20 AM org.springframework.test.context.transaction.TransactionContext startTransaction
INFOS: Began transaction (1) for test context [DefaultTestContext@1929425f testClass = TestsDaoHibernate, testInstance = com.iut.banque.test.dao.TestsDaoHibernate@4fe01805, testMethod = testCreateCompteSansDecouvert@TestsDaoHibernate, testException = [null], mergedContextConfiguration = [MergedContextConfiguration@41de5768 testClass = TestsDaoHibernate, locations = '{classpath:TestsDaoHibernate-context.xml}', classes = '{}', contextInitializerClasses = '[]', activeProfiles = '{}', propertySourceLocations = '{}', propertySourceProperties = '{}', contextLoader = 'org.springframework.test.context.support.DelegatingSmartContextLoader', parent = [null]]]; transaction manager [org.springframework.orm.hibernate5.HibernateTransactionManager@27f3b6d6]; rollback [true]
oct. 21, 2023 9:46:20 AM org.springframework.test.context.transaction.TransactionContext endTransaction
INFOS: Rolled back transaction for test context [DefaultTestContext@1929425f testClass = TestsDaoHibernate, testInstance = com.iut.banque.test.dao.TestsDaoHibernate@4fe01805, testMethod = testCreateCompteSansDecouvert@TestsDaoHibernate, testException = [null], mergedContextConfiguration = [MergedContextConfiguration@41de5768 testClass = TestsDaoHibernate, locations = '{classpath:TestsDaoHibernate-context.xml}', classes = '{}', contextInitializerClasses = '[]', activeProfiles = '{}', propertySourceLocations = '{}', propertySourceProperties = '{}', contextLoader = 'org.springframework.test.context.support.DelegatingSmartContextLoader', parent = [null]]].
]]></system-err>
  </testcase>
  <testcase name="testIsUserAllowedNullLogin" classname="com.iut.banque.test.dao.TestsDaoHibernate" time="0.006">
    <system-err><![CDATA[oct. 21, 2023 9:46:20 AM org.springframework.test.context.transaction.TransactionContext startTransaction
INFOS: Began transaction (1) for test context [DefaultTestContext@1929425f testClass = TestsDaoHibernate, testInstance = com.iut.banque.test.dao.TestsDaoHibernate@4bf324f9, testMethod = testIsUserAllowedNullLogin@TestsDaoHibernate, testException = [null], mergedContextConfiguration = [MergedContextConfiguration@41de5768 testClass = TestsDaoHibernate, locations = '{classpath:TestsDaoHibernate-context.xml}', classes = '{}', contextInitializerClasses = '[]', activeProfiles = '{}', propertySourceLocations = '{}', propertySourceProperties = '{}', contextLoader = 'org.springframework.test.context.support.DelegatingSmartContextLoader', parent = [null]]]; transaction manager [org.springframework.orm.hibernate5.HibernateTransactionManager@27f3b6d6]; rollback [true]
oct. 21, 2023 9:46:20 AM org.springframework.test.context.transaction.TransactionContext endTransaction
INFOS: Rolled back transaction for test context [DefaultTestContext@1929425f testClass = TestsDaoHibernate, testInstance = com.iut.banque.test.dao.TestsDaoHibernate@4bf324f9, testMethod = testIsUserAllowedNullLogin@TestsDaoHibernate, testException = [null], mergedContextConfiguration = [MergedContextConfiguration@41de5768 testClass = TestsDaoHibernate, locations = '{classpath:TestsDaoHibernate-context.xml}', classes = '{}', contextInitializerClasses = '[]', activeProfiles = '{}', propertySourceLocations = '{}', propertySourceProperties = '{}', contextLoader = 'org.springframework.test.context.support.DelegatingSmartContextLoader', parent = [null]]].
]]></system-err>
  </testcase>
  <testcase name="testGetAccountsByUserIdDoesntExist" classname="com.iut.banque.test.dao.TestsDaoHibernate" time="0.005">
    <system-err><![CDATA[oct. 21, 2023 9:46:20 AM org.springframework.test.context.transaction.TransactionContext startTransaction
INFOS: Began transaction (1) for test context [DefaultTestContext@1929425f testClass = TestsDaoHibernate, testInstance = com.iut.banque.test.dao.TestsDaoHibernate@4f7c0be3, testMethod = testGetAccountsByUserIdDoesntExist@TestsDaoHibernate, testException = [null], mergedContextConfiguration = [MergedContextConfiguration@41de5768 testClass = TestsDaoHibernate, locations = '{classpath:TestsDaoHibernate-context.xml}', classes = '{}', contextInitializerClasses = '[]', activeProfiles = '{}', propertySourceLocations = '{}', propertySourceProperties = '{}', contextLoader = 'org.springframework.test.context.support.DelegatingSmartContextLoader', parent = [null]]]; transaction manager [org.springframework.orm.hibernate5.HibernateTransactionManager@27f3b6d6]; rollback [true]
oct. 21, 2023 9:46:20 AM org.springframework.test.context.transaction.TransactionContext endTransaction
INFOS: Rolled back transaction for test context [DefaultTestContext@1929425f testClass = TestsDaoHibernate, testInstance = com.iut.banque.test.dao.TestsDaoHibernate@4f7c0be3, testMethod = testGetAccountsByUserIdDoesntExist@TestsDaoHibernate, testException = [null], mergedContextConfiguration = [MergedContextConfiguration@41de5768 testClass = TestsDaoHibernate, locations = '{classpath:TestsDaoHibernate-context.xml}', classes = '{}', contextInitializerClasses = '[]', activeProfiles = '{}', propertySourceLocations = '{}', propertySourceProperties = '{}', contextLoader = 'org.springframework.test.context.support.DelegatingSmartContextLoader', parent = [null]]].
]]></system-err>
  </testcase>
  <testcase name="testGetUserByIdDoesntExist" classname="com.iut.banque.test.dao.TestsDaoHibernate" time="0.006">
    <system-err><![CDATA[oct. 21, 2023 9:46:20 AM org.springframework.test.context.transaction.TransactionContext startTransaction
INFOS: Began transaction (1) for test context [DefaultTestContext@1929425f testClass = TestsDaoHibernate, testInstance = com.iut.banque.test.dao.TestsDaoHibernate@602c4656, testMethod = testGetUserByIdDoesntExist@TestsDaoHibernate, testException = [null], mergedContextConfiguration = [MergedContextConfiguration@41de5768 testClass = TestsDaoHibernate, locations = '{classpath:TestsDaoHibernate-context.xml}', classes = '{}', contextInitializerClasses = '[]', activeProfiles = '{}', propertySourceLocations = '{}', propertySourceProperties = '{}', contextLoader = 'org.springframework.test.context.support.DelegatingSmartContextLoader', parent = [null]]]; transaction manager [org.springframework.orm.hibernate5.HibernateTransactionManager@27f3b6d6]; rollback [true]
oct. 21, 2023 9:46:20 AM org.springframework.test.context.transaction.TransactionContext endTransaction
INFOS: Rolled back transaction for test context [DefaultTestContext@1929425f testClass = TestsDaoHibernate, testInstance = com.iut.banque.test.dao.TestsDaoHibernate@602c4656, testMethod = testGetUserByIdDoesntExist@TestsDaoHibernate, testException = [null], mergedContextConfiguration = [MergedContextConfiguration@41de5768 testClass = TestsDaoHibernate, locations = '{classpath:TestsDaoHibernate-context.xml}', classes = '{}', contextInitializerClasses = '[]', activeProfiles = '{}', propertySourceLocations = '{}', propertySourceProperties = '{}', contextLoader = 'org.springframework.test.context.support.DelegatingSmartContextLoader', parent = [null]]].
]]></system-err>
  </testcase>
  <testcase name="testCreateGestionnaire" classname="com.iut.banque.test.dao.TestsDaoHibernate" time="0.009">
    <system-err><![CDATA[oct. 21, 2023 9:46:20 AM org.springframework.test.context.transaction.TransactionContext startTransaction
INFOS: Began transaction (1) for test context [DefaultTestContext@1929425f testClass = TestsDaoHibernate, testInstance = com.iut.banque.test.dao.TestsDaoHibernate@18388a3c, testMethod = testCreateGestionnaire@TestsDaoHibernate, testException = [null], mergedContextConfiguration = [MergedContextConfiguration@41de5768 testClass = TestsDaoHibernate, locations = '{classpath:TestsDaoHibernate-context.xml}', classes = '{}', contextInitializerClasses = '[]', activeProfiles = '{}', propertySourceLocations = '{}', propertySourceProperties = '{}', contextLoader = 'org.springframework.test.context.support.DelegatingSmartContextLoader', parent = [null]]]; transaction manager [org.springframework.orm.hibernate5.HibernateTransactionManager@27f3b6d6]; rollback [true]
oct. 21, 2023 9:46:20 AM org.springframework.test.context.transaction.TransactionContext endTransaction
INFOS: Rolled back transaction for test context [DefaultTestContext@1929425f testClass = TestsDaoHibernate, testInstance = com.iut.banque.test.dao.TestsDaoHibernate@18388a3c, testMethod = testCreateGestionnaire@TestsDaoHibernate, testException = [null], mergedContextConfiguration = [MergedContextConfiguration@41de5768 testClass = TestsDaoHibernate, locations = '{classpath:TestsDaoHibernate-context.xml}', classes = '{}', contextInitializerClasses = '[]', activeProfiles = '{}', propertySourceLocations = '{}', propertySourceProperties = '{}', contextLoader = 'org.springframework.test.context.support.DelegatingSmartContextLoader', parent = [null]]].
]]></system-err>
  </testcase>
  <testcase name="testCreateCompteAvecDecouvertExistingId" classname="com.iut.banque.test.dao.TestsDaoHibernate" time="0.008">
    <system-err><![CDATA[oct. 21, 2023 9:46:20 AM org.springframework.test.context.transaction.TransactionContext startTransaction
INFOS: Began transaction (1) for test context [DefaultTestContext@1929425f testClass = TestsDaoHibernate, testInstance = com.iut.banque.test.dao.TestsDaoHibernate@5f212d84, testMethod = testCreateCompteAvecDecouvertExistingId@TestsDaoHibernate, testException = [null], mergedContextConfiguration = [MergedContextConfiguration@41de5768 testClass = TestsDaoHibernate, locations = '{classpath:TestsDaoHibernate-context.xml}', classes = '{}', contextInitializerClasses = '[]', activeProfiles = '{}', propertySourceLocations = '{}', propertySourceProperties = '{}', contextLoader = 'org.springframework.test.context.support.DelegatingSmartContextLoader', parent = [null]]]; transaction manager [org.springframework.orm.hibernate5.HibernateTransactionManager@27f3b6d6]; rollback [true]
oct. 21, 2023 9:46:20 AM org.springframework.test.context.transaction.TransactionContext endTransaction
INFOS: Rolled back transaction for test context [DefaultTestContext@1929425f testClass = TestsDaoHibernate, testInstance = com.iut.banque.test.dao.TestsDaoHibernate@5f212d84, testMethod = testCreateCompteAvecDecouvertExistingId@TestsDaoHibernate, testException = [null], mergedContextConfiguration = [MergedContextConfiguration@41de5768 testClass = TestsDaoHibernate, locations = '{classpath:TestsDaoHibernate-context.xml}', classes = '{}', contextInitializerClasses = '[]', activeProfiles = '{}', propertySourceLocations = '{}', propertySourceProperties = '{}', contextLoader = 'org.springframework.test.context.support.DelegatingSmartContextLoader', parent = [null]]].
]]></system-err>
  </testcase>
  <testcase name="testIsUserAllowedEmptyPassword" classname="com.iut.banque.test.dao.TestsDaoHibernate" time="0.004">
    <system-err><![CDATA[oct. 21, 2023 9:46:20 AM org.springframework.test.context.transaction.TransactionContext startTransaction
INFOS: Began transaction (1) for test context [DefaultTestContext@1929425f testClass = TestsDaoHibernate, testInstance = com.iut.banque.test.dao.TestsDaoHibernate@2e647e59, testMethod = testIsUserAllowedEmptyPassword@TestsDaoHibernate, testException = [null], mergedContextConfiguration = [MergedContextConfiguration@41de5768 testClass = TestsDaoHibernate, locations = '{classpath:TestsDaoHibernate-context.xml}', classes = '{}', contextInitializerClasses = '[]', activeProfiles = '{}', propertySourceLocations = '{}', propertySourceProperties = '{}', contextLoader = 'org.springframework.test.context.support.DelegatingSmartContextLoader', parent = [null]]]; transaction manager [org.springframework.orm.hibernate5.HibernateTransactionManager@27f3b6d6]; rollback [true]
oct. 21, 2023 9:46:20 AM org.springframework.test.context.transaction.TransactionContext endTransaction
INFOS: Rolled back transaction for test context [DefaultTestContext@1929425f testClass = TestsDaoHibernate, testInstance = com.iut.banque.test.dao.TestsDaoHibernate@2e647e59, testMethod = testIsUserAllowedEmptyPassword@TestsDaoHibernate, testException = [null], mergedContextConfiguration = [MergedContextConfiguration@41de5768 testClass = TestsDaoHibernate, locations = '{classpath:TestsDaoHibernate-context.xml}', classes = '{}', contextInitializerClasses = '[]', activeProfiles = '{}', propertySourceLocations = '{}', propertySourceProperties = '{}', contextLoader = 'org.springframework.test.context.support.DelegatingSmartContextLoader', parent = [null]]].
]]></system-err>
  </testcase>
  <testcase name="testCreateUser" classname="com.iut.banque.test.dao.TestsDaoHibernate" time="0.009">
    <system-err><![CDATA[oct. 21, 2023 9:46:20 AM org.springframework.test.context.transaction.TransactionContext startTransaction
INFOS: Began transaction (1) for test context [DefaultTestContext@1929425f testClass = TestsDaoHibernate, testInstance = com.iut.banque.test.dao.TestsDaoHibernate@2c42b421, testMethod = testCreateUser@TestsDaoHibernate, testException = [null], mergedContextConfiguration = [MergedContextConfiguration@41de5768 testClass = TestsDaoHibernate, locations = '{classpath:TestsDaoHibernate-context.xml}', classes = '{}', contextInitializerClasses = '[]', activeProfiles = '{}', propertySourceLocations = '{}', propertySourceProperties = '{}', contextLoader = 'org.springframework.test.context.support.DelegatingSmartContextLoader', parent = [null]]]; transaction manager [org.springframework.orm.hibernate5.HibernateTransactionManager@27f3b6d6]; rollback [true]
oct. 21, 2023 9:46:20 AM org.springframework.test.context.transaction.TransactionContext endTransaction
INFOS: Rolled back transaction for test context [DefaultTestContext@1929425f testClass = TestsDaoHibernate, testInstance = com.iut.banque.test.dao.TestsDaoHibernate@2c42b421, testMethod = testCreateUser@TestsDaoHibernate, testException = [null], mergedContextConfiguration = [MergedContextConfiguration@41de5768 testClass = TestsDaoHibernate, locations = '{classpath:TestsDaoHibernate-context.xml}', classes = '{}', contextInitializerClasses = '[]', activeProfiles = '{}', propertySourceLocations = '{}', propertySourceProperties = '{}', contextLoader = 'org.springframework.test.context.support.DelegatingSmartContextLoader', parent = [null]]].
]]></system-err>
  </testcase>
  <testcase name="testCreateCompteSansDecouvertExistingId" classname="com.iut.banque.test.dao.TestsDaoHibernate" time="0.008">
    <system-err><![CDATA[oct. 21, 2023 9:46:20 AM org.springframework.test.context.transaction.TransactionContext startTransaction
INFOS: Began transaction (1) for test context [DefaultTestContext@1929425f testClass = TestsDaoHibernate, testInstance = com.iut.banque.test.dao.TestsDaoHibernate@352e612e, testMethod = testCreateCompteSansDecouvertExistingId@TestsDaoHibernate, testException = [null], mergedContextConfiguration = [MergedContextConfiguration@41de5768 testClass = TestsDaoHibernate, locations = '{classpath:TestsDaoHibernate-context.xml}', classes = '{}', contextInitializerClasses = '[]', activeProfiles = '{}', propertySourceLocations = '{}', propertySourceProperties = '{}', contextLoader = 'org.springframework.test.context.support.DelegatingSmartContextLoader', parent = [null]]]; transaction manager [org.springframework.orm.hibernate5.HibernateTransactionManager@27f3b6d6]; rollback [true]
oct. 21, 2023 9:46:20 AM org.springframework.test.context.transaction.TransactionContext endTransaction
INFOS: Rolled back transaction for test context [DefaultTestContext@1929425f testClass = TestsDaoHibernate, testInstance = com.iut.banque.test.dao.TestsDaoHibernate@352e612e, testMethod = testCreateCompteSansDecouvertExistingId@TestsDaoHibernate, testException = [null], mergedContextConfiguration = [MergedContextConfiguration@41de5768 testClass = TestsDaoHibernate, locations = '{classpath:TestsDaoHibernate-context.xml}', classes = '{}', contextInitializerClasses = '[]', activeProfiles = '{}', propertySourceLocations = '{}', propertySourceProperties = '{}', contextLoader = 'org.springframework.test.context.support.DelegatingSmartContextLoader', parent = [null]]].
]]></system-err>
  </testcase>
  <testcase name="testDeleteUser" classname="com.iut.banque.test.dao.TestsDaoHibernate" time="0.008">
    <system-err><![CDATA[oct. 21, 2023 9:46:20 AM org.springframework.test.context.transaction.TransactionContext startTransaction
INFOS: Began transaction (1) for test context [DefaultTestContext@1929425f testClass = TestsDaoHibernate, testInstance = com.iut.banque.test.dao.TestsDaoHibernate@f2c488, testMethod = testDeleteUser@TestsDaoHibernate, testException = [null], mergedContextConfiguration = [MergedContextConfiguration@41de5768 testClass = TestsDaoHibernate, locations = '{classpath:TestsDaoHibernate-context.xml}', classes = '{}', contextInitializerClasses = '[]', activeProfiles = '{}', propertySourceLocations = '{}', propertySourceProperties = '{}', contextLoader = 'org.springframework.test.context.support.DelegatingSmartContextLoader', parent = [null]]]; transaction manager [org.springframework.orm.hibernate5.HibernateTransactionManager@27f3b6d6]; rollback [true]
oct. 21, 2023 9:46:20 AM org.springframework.test.context.transaction.TransactionContext endTransaction
INFOS: Rolled back transaction for test context [DefaultTestContext@1929425f testClass = TestsDaoHibernate, testInstance = com.iut.banque.test.dao.TestsDaoHibernate@f2c488, testMethod = testDeleteUser@TestsDaoHibernate, testException = [null], mergedContextConfiguration = [MergedContextConfiguration@41de5768 testClass = TestsDaoHibernate, locations = '{classpath:TestsDaoHibernate-context.xml}', classes = '{}', contextInitializerClasses = '[]', activeProfiles = '{}', propertySourceLocations = '{}', propertySourceProperties = '{}', contextLoader = 'org.springframework.test.context.support.DelegatingSmartContextLoader', parent = [null]]].
]]></system-err>
  </testcase>
  <testcase name="testIsUserAllowedEmptyTrimmedLogin" classname="com.iut.banque.test.dao.TestsDaoHibernate" time="0.004">
    <system-err><![CDATA[oct. 21, 2023 9:46:20 AM org.springframework.test.context.transaction.TransactionContext startTransaction
INFOS: Began transaction (1) for test context [DefaultTestContext@1929425f testClass = TestsDaoHibernate, testInstance = com.iut.banque.test.dao.TestsDaoHibernate@4564e94b, testMethod = testIsUserAllowedEmptyTrimmedLogin@TestsDaoHibernate, testException = [null], mergedContextConfiguration = [MergedContextConfiguration@41de5768 testClass = TestsDaoHibernate, locations = '{classpath:TestsDaoHibernate-context.xml}', classes = '{}', contextInitializerClasses = '[]', activeProfiles = '{}', propertySourceLocations = '{}', propertySourceProperties = '{}', contextLoader = 'org.springframework.test.context.support.DelegatingSmartContextLoader', parent = [null]]]; transaction manager [org.springframework.orm.hibernate5.HibernateTransactionManager@27f3b6d6]; rollback [true]
oct. 21, 2023 9:46:20 AM org.springframework.test.context.transaction.TransactionContext endTransaction
INFOS: Rolled back transaction for test context [DefaultTestContext@1929425f testClass = TestsDaoHibernate, testInstance = com.iut.banque.test.dao.TestsDaoHibernate@4564e94b, testMethod = testIsUserAllowedEmptyTrimmedLogin@TestsDaoHibernate, testException = [null], mergedContextConfiguration = [MergedContextConfiguration@41de5768 testClass = TestsDaoHibernate, locations = '{classpath:TestsDaoHibernate-context.xml}', classes = '{}', contextInitializerClasses = '[]', activeProfiles = '{}', propertySourceLocations = '{}', propertySourceProperties = '{}', contextLoader = 'org.springframework.test.context.support.DelegatingSmartContextLoader', parent = [null]]].
]]></system-err>
  </testcase>
  <testcase name="testCreateCompteAvecDecouvert" classname="com.iut.banque.test.dao.TestsDaoHibernate" time="0.01">
    <system-err><![CDATA[oct. 21, 2023 9:46:20 AM org.springframework.test.context.transaction.TransactionContext startTransaction
INFOS: Began transaction (1) for test context [DefaultTestContext@1929425f testClass = TestsDaoHibernate, testInstance = com.iut.banque.test.dao.TestsDaoHibernate@54534abf, testMethod = testCreateCompteAvecDecouvert@TestsDaoHibernate, testException = [null], mergedContextConfiguration = [MergedContextConfiguration@41de5768 testClass = TestsDaoHibernate, locations = '{classpath:TestsDaoHibernate-context.xml}', classes = '{}', contextInitializerClasses = '[]', activeProfiles = '{}', propertySourceLocations = '{}', propertySourceProperties = '{}', contextLoader = 'org.springframework.test.context.support.DelegatingSmartContextLoader', parent = [null]]]; transaction manager [org.springframework.orm.hibernate5.HibernateTransactionManager@27f3b6d6]; rollback [true]
oct. 21, 2023 9:46:20 AM org.springframework.test.context.transaction.TransactionContext endTransaction
INFOS: Rolled back transaction for test context [DefaultTestContext@1929425f testClass = TestsDaoHibernate, testInstance = com.iut.banque.test.dao.TestsDaoHibernate@54534abf, testMethod = testCreateCompteAvecDecouvert@TestsDaoHibernate, testException = [null], mergedContextConfiguration = [MergedContextConfiguration@41de5768 testClass = TestsDaoHibernate, locations = '{classpath:TestsDaoHibernate-context.xml}', classes = '{}', contextInitializerClasses = '[]', activeProfiles = '{}', propertySourceLocations = '{}', propertySourceProperties = '{}', contextLoader = 'org.springframework.test.context.support.DelegatingSmartContextLoader', parent = [null]]].
]]></system-err>
  </testcase>
  <testcase name="testIsUserAllowedWrongPassword" classname="com.iut.banque.test.dao.TestsDaoHibernate" time="0.006">
    <system-err><![CDATA[oct. 21, 2023 9:46:20 AM org.springframework.test.context.transaction.TransactionContext startTransaction
INFOS: Began transaction (1) for test context [DefaultTestContext@1929425f testClass = TestsDaoHibernate, testInstance = com.iut.banque.test.dao.TestsDaoHibernate@1efdcd5, testMethod = testIsUserAllowedWrongPassword@TestsDaoHibernate, testException = [null], mergedContextConfiguration = [MergedContextConfiguration@41de5768 testClass = TestsDaoHibernate, locations = '{classpath:TestsDaoHibernate-context.xml}', classes = '{}', contextInitializerClasses = '[]', activeProfiles = '{}', propertySourceLocations = '{}', propertySourceProperties = '{}', contextLoader = 'org.springframework.test.context.support.DelegatingSmartContextLoader', parent = [null]]]; transaction manager [org.springframework.orm.hibernate5.HibernateTransactionManager@27f3b6d6]; rollback [true]
oct. 21, 2023 9:46:20 AM org.springframework.test.context.transaction.TransactionContext endTransaction
INFOS: Rolled back transaction for test context [DefaultTestContext@1929425f testClass = TestsDaoHibernate, testInstance = com.iut.banque.test.dao.TestsDaoHibernate@1efdcd5, testMethod = testIsUserAllowedWrongPassword@TestsDaoHibernate, testException = [null], mergedContextConfiguration = [MergedContextConfiguration@41de5768 testClass = TestsDaoHibernate, locations = '{classpath:TestsDaoHibernate-context.xml}', classes = '{}', contextInitializerClasses = '[]', activeProfiles = '{}', propertySourceLocations = '{}', propertySourceProperties = '{}', contextLoader = 'org.springframework.test.context.support.DelegatingSmartContextLoader', parent = [null]]].
]]></system-err>
  </testcase>
  <testcase name="testGetgestionnaireById" classname="com.iut.banque.test.dao.TestsDaoHibernate" time="0.006">
    <system-err><![CDATA[oct. 21, 2023 9:46:20 AM org.springframework.test.context.transaction.TransactionContext startTransaction
INFOS: Began transaction (1) for test context [DefaultTestContext@1929425f testClass = TestsDaoHibernate, testInstance = com.iut.banque.test.dao.TestsDaoHibernate@89c65d5, testMethod = testGetgestionnaireById@TestsDaoHibernate, testException = [null], mergedContextConfiguration = [MergedContextConfiguration@41de5768 testClass = TestsDaoHibernate, locations = '{classpath:TestsDaoHibernate-context.xml}', classes = '{}', contextInitializerClasses = '[]', activeProfiles = '{}', propertySourceLocations = '{}', propertySourceProperties = '{}', contextLoader = 'org.springframework.test.context.support.DelegatingSmartContextLoader', parent = [null]]]; transaction manager [org.springframework.orm.hibernate5.HibernateTransactionManager@27f3b6d6]; rollback [true]
oct. 21, 2023 9:46:20 AM org.springframework.test.context.transaction.TransactionContext endTransaction
INFOS: Rolled back transaction for test context [DefaultTestContext@1929425f testClass = TestsDaoHibernate, testInstance = com.iut.banque.test.dao.TestsDaoHibernate@89c65d5, testMethod = testGetgestionnaireById@TestsDaoHibernate, testException = [null], mergedContextConfiguration = [MergedContextConfiguration@41de5768 testClass = TestsDaoHibernate, locations = '{classpath:TestsDaoHibernate-context.xml}', classes = '{}', contextInitializerClasses = '[]', activeProfiles = '{}', propertySourceLocations = '{}', propertySourceProperties = '{}', contextLoader = 'org.springframework.test.context.support.DelegatingSmartContextLoader', parent = [null]]].
]]></system-err>
  </testcase>
  <testcase name="testIsUserAllowedUser" classname="com.iut.banque.test.dao.TestsDaoHibernate" time="0.007">
    <system-err><![CDATA[oct. 21, 2023 9:46:20 AM org.springframework.test.context.transaction.TransactionContext startTransaction
INFOS: Began transaction (1) for test context [DefaultTestContext@1929425f testClass = TestsDaoHibernate, testInstance = com.iut.banque.test.dao.TestsDaoHibernate@61f2c3f0, testMethod = testIsUserAllowedUser@TestsDaoHibernate, testException = [null], mergedContextConfiguration = [MergedContextConfiguration@41de5768 testClass = TestsDaoHibernate, locations = '{classpath:TestsDaoHibernate-context.xml}', classes = '{}', contextInitializerClasses = '[]', activeProfiles = '{}', propertySourceLocations = '{}', propertySourceProperties = '{}', contextLoader = 'org.springframework.test.context.support.DelegatingSmartContextLoader', parent = [null]]]; transaction manager [org.springframework.orm.hibernate5.HibernateTransactionManager@27f3b6d6]; rollback [true]
oct. 21, 2023 9:46:20 AM org.springframework.test.context.transaction.TransactionContext endTransaction
INFOS: Rolled back transaction for test context [DefaultTestContext@1929425f testClass = TestsDaoHibernate, testInstance = com.iut.banque.test.dao.TestsDaoHibernate@61f2c3f0, testMethod = testIsUserAllowedUser@TestsDaoHibernate, testException = [null], mergedContextConfiguration = [MergedContextConfiguration@41de5768 testClass = TestsDaoHibernate, locations = '{classpath:TestsDaoHibernate-context.xml}', classes = '{}', contextInitializerClasses = '[]', activeProfiles = '{}', propertySourceLocations = '{}', propertySourceProperties = '{}', contextLoader = 'org.springframework.test.context.support.DelegatingSmartContextLoader', parent = [null]]].
]]></system-err>
  </testcase>
  <testcase name="testCreateClient" classname="com.iut.banque.test.dao.TestsDaoHibernate" time="0.006">
    <system-err><![CDATA[oct. 21, 2023 9:46:20 AM org.springframework.test.context.transaction.TransactionContext startTransaction
INFOS: Began transaction (1) for test context [DefaultTestContext@1929425f testClass = TestsDaoHibernate, testInstance = com.iut.banque.test.dao.TestsDaoHibernate@6f8d7714, testMethod = testCreateClient@TestsDaoHibernate, testException = [null], mergedContextConfiguration = [MergedContextConfiguration@41de5768 testClass = TestsDaoHibernate, locations = '{classpath:TestsDaoHibernate-context.xml}', classes = '{}', contextInitializerClasses = '[]', activeProfiles = '{}', propertySourceLocations = '{}', propertySourceProperties = '{}', contextLoader = 'org.springframework.test.context.support.DelegatingSmartContextLoader', parent = [null]]]; transaction manager [org.springframework.orm.hibernate5.HibernateTransactionManager@27f3b6d6]; rollback [true]
oct. 21, 2023 9:46:20 AM org.springframework.test.context.transaction.TransactionContext endTransaction
INFOS: Rolled back transaction for test context [DefaultTestContext@1929425f testClass = TestsDaoHibernate, testInstance = com.iut.banque.test.dao.TestsDaoHibernate@6f8d7714, testMethod = testCreateClient@TestsDaoHibernate, testException = [null], mergedContextConfiguration = [MergedContextConfiguration@41de5768 testClass = TestsDaoHibernate, locations = '{classpath:TestsDaoHibernate-context.xml}', classes = '{}', contextInitializerClasses = '[]', activeProfiles = '{}', propertySourceLocations = '{}', propertySourceProperties = '{}', contextLoader = 'org.springframework.test.context.support.DelegatingSmartContextLoader', parent = [null]]].
]]></system-err>
  </testcase>
  <testcase name="testGetAccountsByUserIdNoAccount" classname="com.iut.banque.test.dao.TestsDaoHibernate" time="0.006">
    <system-err><![CDATA[oct. 21, 2023 9:46:20 AM org.springframework.test.context.transaction.TransactionContext startTransaction
INFOS: Began transaction (1) for test context [DefaultTestContext@1929425f testClass = TestsDaoHibernate, testInstance = com.iut.banque.test.dao.TestsDaoHibernate@7a26928a, testMethod = testGetAccountsByUserIdNoAccount@TestsDaoHibernate, testException = [null], mergedContextConfiguration = [MergedContextConfiguration@41de5768 testClass = TestsDaoHibernate, locations = '{classpath:TestsDaoHibernate-context.xml}', classes = '{}', contextInitializerClasses = '[]', activeProfiles = '{}', propertySourceLocations = '{}', propertySourceProperties = '{}', contextLoader = 'org.springframework.test.context.support.DelegatingSmartContextLoader', parent = [null]]]; transaction manager [org.springframework.orm.hibernate5.HibernateTransactionManager@27f3b6d6]; rollback [true]
oct. 21, 2023 9:46:20 AM org.springframework.test.context.transaction.TransactionContext endTransaction
INFOS: Rolled back transaction for test context [DefaultTestContext@1929425f testClass = TestsDaoHibernate, testInstance = com.iut.banque.test.dao.TestsDaoHibernate@7a26928a, testMethod = testGetAccountsByUserIdNoAccount@TestsDaoHibernate, testException = [null], mergedContextConfiguration = [MergedContextConfiguration@41de5768 testClass = TestsDaoHibernate, locations = '{classpath:TestsDaoHibernate-context.xml}', classes = '{}', contextInitializerClasses = '[]', activeProfiles = '{}', propertySourceLocations = '{}', propertySourceProperties = '{}', contextLoader = 'org.springframework.test.context.support.DelegatingSmartContextLoader', parent = [null]]].
]]></system-err>
  </testcase>
</testsuite>