<?xml version="1.0" encoding="UTF-8"?>
<testsuite xmlns:xsi="http://www.w3.org/2001/XMLSchema-instance" xsi:noNamespaceSchemaLocation="https://maven.apache.org/surefire/maven-surefire-plugin/xsd/surefire-test-report-3.0.xsd" version="3.0" name="com.iut.banque.test.modele.TestsCompteAvecDecouvert" time="0" tests="4" errors="0" skipped="0" failures="0">
  <properties>
[...]
</properties>
  <testcase name="testDebiterCompteAvecDecouvertValeurPossible" classname="com.iut.banque.test.modele.TestsCompteAvecDecouvert" time="0"/>
  <testcase name="testDebiterCompteAvecDecouvertValeurImpossible" classname="com.iut.banque.test.modele.TestsCompteAvecDecouvert" time="0"/>
  <testcase name="testCrediterCompteMontantNegatif" classname="com.iut.banque.test.modele.TestsCompteAvecDecouvert" time="0"/>
  <testcase name="testGetClassNameAvecDecouvert" classname="com.iut.banque.test.modele.TestsCompteAvecDecouvert" time="0"/>
</testsuite>